e:\heyu\qchartdemo\src\mainwindow\x64\debug\vc141.pdb
e:\heyu\qchartdemo\src\mainwindow\x64\debug\mainwindow.obj
e:\heyu\qchartdemo\src\mainwindow\x64\debug\main.obj
e:\heyu\qchartdemo\src\mainwindow\x64\debug\moc_mainwindow.obj
e:\heyu\qchartdemo\src\mainwindow\x64\debug\qrc_mainwindow.obj
e:\heyu\qchartdemo\src\mainwindow\generatedfiles\debug\moc_mainwindow.cpp
e:\heyu\qchartdemo\src\mainwindow\generatedfiles\ui_mainwindow.h
e:\heyu\qchartdemo\src\mainwindow\generatedfiles\qrc_mainwindow.cpp
e:\heyu\qchartdemo\bin\mainwindowd.ilk
e:\heyu\qchartdemo\bin\mainwindowd.exe
e:\heyu\qchartdemo\bin\mainwindowd.pdb
e:\heyu\qchartdemo\src\mainwindow\x64\debug\exeico.res
e:\heyu\qchartdemo\src\mainwindow\..\..\bin\mainwindowd.exe
e:\heyu\qchartdemo\src\mainwindow\x64\debug\mainwindow.tlog\cl.command.1.tlog
e:\heyu\qchartdemo\src\mainwindow\x64\debug\mainwindow.tlog\cl.read.1.tlog
e:\heyu\qchartdemo\src\mainwindow\x64\debug\mainwindow.tlog\cl.write.1.tlog
e:\heyu\qchartdemo\src\mainwindow\x64\debug\mainwindow.tlog\custombuild.command.1.tlog
e:\heyu\qchartdemo\src\mainwindow\x64\debug\mainwindow.tlog\custombuild.read.1.tlog
e:\heyu\qchartdemo\src\mainwindow\x64\debug\mainwindow.tlog\custombuild.write.1.tlog
e:\heyu\qchartdemo\src\mainwindow\x64\debug\mainwindow.tlog\link.command.1.tlog
e:\heyu\qchartdemo\src\mainwindow\x64\debug\mainwindow.tlog\link.read.1.tlog
e:\heyu\qchartdemo\src\mainwindow\x64\debug\mainwindow.tlog\link.write.1.tlog
e:\heyu\qchartdemo\src\mainwindow\x64\debug\mainwindow.tlog\rc.command.1.tlog
e:\heyu\qchartdemo\src\mainwindow\x64\debug\mainwindow.tlog\rc.read.1.tlog
e:\heyu\qchartdemo\src\mainwindow\x64\debug\mainwindow.tlog\rc.write.1.tlog
