e:\project\重庆水下隧道实验室拖曳、起重系统-运动数据展示工具\src\mainwindow\debug\vc120.pdb
e:\project\重庆水下隧道实验室拖曳、起重系统-运动数据展示工具\src\mainwindow\debug\mainwindow.obj
e:\project\重庆水下隧道实验室拖曳、起重系统-运动数据展示工具\src\mainwindow\debug\main.obj
e:\project\重庆水下隧道实验室拖曳、起重系统-运动数据展示工具\src\mainwindow\debug\htmlui.obj
e:\project\重庆水下隧道实验室拖曳、起重系统-运动数据展示工具\src\mainwindow\debug\moc_mainwindow.obj
e:\project\重庆水下隧道实验室拖曳、起重系统-运动数据展示工具\src\mainwindow\debug\moc_htmlui.obj
e:\project\重庆水下隧道实验室拖曳、起重系统-运动数据展示工具\src\mainwindow\debug\moc_document.obj
e:\project\重庆水下隧道实验室拖曳、起重系统-运动数据展示工具\src\mainwindow\debug\document.obj
e:\project\重庆水下隧道实验室拖曳、起重系统-运动数据展示工具\src\mainwindow\debug\qrc_mainwindow.obj
e:\project\重庆水下隧道实验室拖曳、起重系统-运动数据展示工具\src\mainwindow\generatedfiles\qrc_mainwindow.cpp
e:\project\重庆水下隧道实验室拖曳、起重系统-运动数据展示工具\src\mainwindow\generatedfiles\ui_mainwindow.h
e:\project\重庆水下隧道实验室拖曳、起重系统-运动数据展示工具\src\mainwindow\generatedfiles\debug\moc_mainwindow.cpp
e:\project\重庆水下隧道实验室拖曳、起重系统-运动数据展示工具\src\mainwindow\generatedfiles\debug\moc_document.cpp
e:\project\重庆水下隧道实验室拖曳、起重系统-运动数据展示工具\src\mainwindow\generatedfiles\debug\moc_htmlui.cpp
e:\project\重庆水下隧道实验室拖曳、起重系统-运动数据展示工具\bin\mainwindowd.ilk
e:\project\重庆水下隧道实验室拖曳、起重系统-运动数据展示工具\bin\mainwindowd.exe
e:\project\重庆水下隧道实验室拖曳、起重系统-运动数据展示工具\bin\mainwindowd.pdb
e:\project\重庆水下隧道实验室拖曳、起重系统-运动数据展示工具\src\mainwindow\debug\exeico.res
e:\project\重庆水下隧道实验室拖曳、起重系统-运动数据展示工具\src\mainwindow\..\..\bin\mainwindowd.exe
e:\project\重庆水下隧道实验室拖曳、起重系统-运动数据展示工具\src\mainwindow\debug\mainwindow.tlog\cl.command.1.tlog
e:\project\重庆水下隧道实验室拖曳、起重系统-运动数据展示工具\src\mainwindow\debug\mainwindow.tlog\cl.read.1.tlog
e:\project\重庆水下隧道实验室拖曳、起重系统-运动数据展示工具\src\mainwindow\debug\mainwindow.tlog\cl.write.1.tlog
e:\project\重庆水下隧道实验室拖曳、起重系统-运动数据展示工具\src\mainwindow\debug\mainwindow.tlog\custombuild.command.1.tlog
e:\project\重庆水下隧道实验室拖曳、起重系统-运动数据展示工具\src\mainwindow\debug\mainwindow.tlog\custombuild.read.1.tlog
e:\project\重庆水下隧道实验室拖曳、起重系统-运动数据展示工具\src\mainwindow\debug\mainwindow.tlog\custombuild.write.1.tlog
e:\project\重庆水下隧道实验室拖曳、起重系统-运动数据展示工具\src\mainwindow\debug\mainwindow.tlog\link.command.1.tlog
e:\project\重庆水下隧道实验室拖曳、起重系统-运动数据展示工具\src\mainwindow\debug\mainwindow.tlog\link.read.1.tlog
e:\project\重庆水下隧道实验室拖曳、起重系统-运动数据展示工具\src\mainwindow\debug\mainwindow.tlog\link.write.1.tlog
e:\project\重庆水下隧道实验室拖曳、起重系统-运动数据展示工具\src\mainwindow\debug\mainwindow.tlog\rc.command.1.tlog
e:\project\重庆水下隧道实验室拖曳、起重系统-运动数据展示工具\src\mainwindow\debug\mainwindow.tlog\rc.read.1.tlog
e:\project\重庆水下隧道实验室拖曳、起重系统-运动数据展示工具\src\mainwindow\debug\mainwindow.tlog\rc.write.1.tlog
